<?xml version="1.0" encoding="UTF-8"?>
<testsuite name="ClubTest" tests="3" skipped="0" failures="0" errors="0" timestamp="2021-06-27T19:05:02" hostname="MSI" time="0.022">
  <properties/>
  <testcase name="NomDuClubParDefaut()" classname="ClubTest" time="0.02"/>
  <testcase name="NomDuClub()" classname="ClubTest" time="0.001"/>
  <testcase name="ModifierCapacite()" classname="ClubTest" time="0.001"/>
  <system-out><![CDATA[]]></system-out>
  <system-err><![CDATA[]]></system-err>
</testsuite>
